EVE-OS Fix Finder server running on port 3000
Visit http://localhost:3000 to use the application
✅ GitHub token configured - higher rate limits available
🔥 Cache warming disabled to preserve API rate limits
   Cache will be populated on first use
GitHub API rate limit exceeded. Consider adding a GITHUB_TOKEN to your .env file
Error searching commits: API rate limit exceeded. Please try again later or contact administrator.
Search error: API rate limit exceeded. Please try again later or contact administrator.
GitHub API rate limit exceeded. Consider adding a GITHUB_TOKEN to your .env file
Error searching commits: API rate limit exceeded. Please try again later or contact administrator.
Search error: API rate limit exceeded. Please try again later or contact administrator.
GitHub API rate limit exceeded. Consider adding a GITHUB_TOKEN to your .env file
Error fetching commit details: API rate limit exceeded. Please try again later or contact administrator.
Commit fetch error: API rate limit exceeded. Please try again later or contact administrator.
GitHub API rate limit exceeded. Consider adding a GITHUB_TOKEN to your .env file
Error fetching commit details: API rate limit exceeded. Please try again later or contact administrator.
Commit fetch error: API rate limit exceeded. Please try again later or contact administrator.
GitHub API rate limit exceeded. Consider adding a GITHUB_TOKEN to your .env file
Error fetching commit details: API rate limit exceeded. Please try again later or contact administrator.
Commit fetch error: API rate limit exceeded. Please try again later or contact administrator.
GitHub API rate limit exceeded. Consider adding a GITHUB_TOKEN to your .env file
Error fetching commit details: API rate limit exceeded. Please try again later or contact administrator.
Commit fetch error: API rate limit exceeded. Please try again later or contact administrator.
