
> eveos-fix-finder@1.0.0 dev
> nodemon server.js

[33m[nodemon] 3.1.10[39m
[33m[nodemon] to restart at any time, enter `rs`[39m
[33m[nodemon] watching path(s): *.*[39m
[33m[nodemon] watching extensions: js,mjs,cjs,json[39m
[32m[nodemon] starting `node server.js`[39m
NODE_ENV: development
EVE-OS Fix Finder server running on port 3000
Visit http://localhost:3000 to use the application
GitHub token configured - higher rate limits available
Fetching latest changes in local repo...
Local repo up to date
Cache warming disabled to preserve API rate limits
Cache will be populated on first use
Loading openid-client v6...
[32m[nodemon] restarting due to changes...[39m
[32m[nodemon] starting `node server.js`[39m
NODE_ENV: development
EVE-OS Fix Finder server running on port 3000
Visit http://localhost:3000 to use the application
GitHub token configured - higher rate limits available
Fetching latest changes in local repo...
Local repo up to date
Cache warming disabled to preserve API rate limits
Cache will be populated on first use
[32m[nodemon] restarting due to changes...[39m
[32m[nodemon] starting `node server.js`[39m
NODE_ENV: development
EVE-OS Fix Finder server running on port 3000
Visit http://localhost:3000 to use the application
GitHub token configured - higher rate limits available
Fetching latest changes in local repo...
Local repo up to date
Cache warming disabled to preserve API rate limits
Cache will be populated on first use
